======================== The 5 Happiest Hours ========================
12-1am on 1st January 2025 with an overall sentiment score of +206.1521
11-12pm on 31st December 2024 with an overall sentiment score of +187.4655
5-6am on 1st January 2025 with an overall sentiment score of +135.9252
10-11pm on 24th December 2024 with an overall sentiment score of +117.2863
3-4pm on 25th December 2024 with an overall sentiment score of +114.6020

======================== The 5 Saddest Hours ========================
7-8am on 6th November 2024 with an overall sentiment score of -373.7672
1-2am on 11th September 2024 with an overall sentiment score of -305.5761
5-6pm on 30th January 2025 with an overall sentiment score of -256.5684
6-7pm on 30th January 2025 with an overall sentiment score of -226.9097
4-5pm on 3rd February 2025 with an overall sentiment score of -223.8335

================================= The 5 Happiest People =================================
gameoflife, account id 110237351908820391 with a total positive sentiment score of +9105.7419
TheFigen_, account id 112728392129924952 with a total positive sentiment score of +2541.4742
EmojiAquarium, account id 113441357479871732 with a total positive sentiment score of +2086.4567
choochoo, account id 113541715572887376 with a total positive sentiment score of +1978.7431
hnbot, account id 110006430181118061 with a total positive sentiment score of +1917.7936

================================= The 5 Saddest People =================================
realTuckFrumper, account id 109521050152429017 with a total negative sentiment score of -9094.0813
uavideos, account id 109471254002284799 with a total negative sentiment score of -5901.9603
TheHindu, account id 113443732887173058 with a total negative sentiment score of -5710.7226
uutisbot, account id 111873606251312850 with a total negative sentiment score of -4066.1382
MissingYou, account id 112071598249945636 with a total negative sentiment score of -3341.6033
